<?xml version="1.0" encoding="UTF-8"?>
<!-- Generated by org.testng.reporters.JUnitReportReporter -->
<testsuite skipped="0" hostname="DESKTOP-JSTUL8K" name="gmail.MailSend" tests="2" failures="0" timestamp="2021-03-10T12:21:10 BDT" time="34.082" errors="0">
  <testcase name="login_into_gmail1" time="2.099" classname="gmail.MailSend"/>
  <system-out/>
  <testcase name="mail_sending" time="31.983" classname="gmail.MailSend"/>
  <system-out/>
</testsuite> <!-- gmail.MailSend -->
